<?xml version="1.0" encoding="UTF-8"?>
<!-- Generated by org.testng.reporters.JUnitXMLReporter -->
<testsuite ignored="0" hostname="DESKTOP-SV9CFRI" failures="2" tests="6" name="Login Test" time="93.467" errors="0" timestamp="2023-11-01T19:17:45 IST">
  <testcase classname="com.inetbanking.testCases.TC_LoginTest_001" name="loginTest" time="4.938"/>
  <testcase classname="com.inetbanking.testCases.TC_LoginDDT_002" name="loginDDT" time="8.367"/>
  <testcase classname="com.inetbanking.testCases.TC_LoginDDT_002" name="loginDDT" time="2.167">
    <failure type="java.lang.AssertionError" message="expected [true] but found [false]">
      <![CDATA[java.lang.AssertionError: expected [true] but found [false]
at com.inetbanking.testCases.TC_LoginDDT_002.loginDDT(TC_LoginDDT_002.java:28)
at java.base/java.util.ArrayList.forEach(ArrayList.java:1511)
... Removed 35 stack frames]]>
    </failure>
  </testcase> <!-- loginDDT -->
  <testcase classname="com.inetbanking.testCases.TC_LoginDDT_002" name="loginDDT" time="6.937"/>
  <testcase classname="com.inetbanking.testCases.TC_LoginDDT_002" name="loginDDT" time="2.576">
    <failure type="java.lang.AssertionError" message="expected [true] but found [false]">
      <![CDATA[java.lang.AssertionError: expected [true] but found [false]
at com.inetbanking.testCases.TC_LoginDDT_002.loginDDT(TC_LoginDDT_002.java:28)
at java.base/java.util.ArrayList.forEach(ArrayList.java:1511)
... Removed 35 stack frames]]>
    </failure>
  </testcase> <!-- loginDDT -->
  <testcase classname="com.inetbanking.testCases.TC_AddCustomerTest_003" name="addNewCustomer" time="11.322"/>
</testsuite> <!-- Login Test -->
